{
  "stats": {
    "suites": 1,
    "tests": 1,
    "passes": 0,
    "pending": 0,
    "failures": 1,
    "start": "2021-04-29T08:04:18.381Z",
    "end": "2021-04-29T08:04:24.937Z",
    "duration": 6556,
    "testsRegistered": 1,
    "passPercent": 0,
    "pendingPercent": 0,
    "other": 0,
    "hasOther": false,
    "skipped": 0,
    "hasSkipped": false
  },
  "results": [
    {
      "uuid": "2cb95d8c-4e46-4cda-a673-296fca839137",
      "title": "",
      "fullFile": "cypress/integration/test-suite-with-po.spec.js",
      "file": "cypress/integration/test-suite-with-po.spec.js",
      "beforeHooks": [],
      "afterHooks": [],
      "tests": [],
      "suites": [
        {
          "uuid": "2aba7727-7c6d-4aaa-a2bc-db1e800b3f55",
          "title": "Test suite with Page-objects",
          "fullFile": "",
          "file": "",
          "beforeHooks": [],
          "afterHooks": [],
          "tests": [
            {
              "title": "perform a balid login and logout",
              "fullTitle": "Test suite with Page-objects perform a balid login and logout",
              "timedOut": null,
              "duration": 6144,
              "state": "failed",
              "speed": null,
              "pass": false,
              "fail": true,
              "pending": false,
              "context": null,
              "code": "loginFuncs.performValideLogin('tester01', 'GteteqbQQgSr88SwNExUQv2ydb7xuf8c', 'Welcome');\ndashbordFuncs.preformLogout('Login');",
              "err": {
                "message": "AssertionError: Timed out retrying after 4000ms: Expected to find content: 'h2' but never did.",
                "estack": "AssertionError: Timed out retrying after 4000ms: Expected to find content: 'h2' but never did.\n    at Object.performValideLogin (http://localhost:3000/__cypress/tests?p=cypress/integration/test-suite-with-po.spec.js:293:6)\n    at Context.eval (http://localhost:3000/__cypress/tests?p=cypress/integration/test-suite-with-po.spec.js:211:16)",
                "diff": null
              },
              "uuid": "4fb7fb15-d74f-4bdc-840d-69e483b7754f",
              "parentUUID": "2aba7727-7c6d-4aaa-a2bc-db1e800b3f55",
              "isHook": false,
              "skipped": false
            }
          ],
          "suites": [],
          "passes": [],
          "failures": [
            "4fb7fb15-d74f-4bdc-840d-69e483b7754f"
          ],
          "pending": [],
          "skipped": [],
          "duration": 6144,
          "root": false,
          "rootEmpty": false,
          "_timeout": 2000
        }
      ],
      "passes": [],
      "failures": [],
      "pending": [],
      "skipped": [],
      "duration": 0,
      "root": true,
      "rootEmpty": true,
      "_timeout": 2000
    }
  ],
  "meta": {
    "mocha": {
      "version": "7.0.1"
    },
    "mochawesome": {
      "options": {
        "quiet": false,
        "reportFilename": "mochawesome",
        "saveHtml": false,
        "saveJson": true,
        "consoleReporter": "spec",
        "useInlineDiffs": false,
        "code": true
      },
      "version": "6.2.2"
    },
    "marge": {
      "options": {
        "reportDir": "cypress/results",
        "overwrite": "false",
        "html": "false",
        "json": "true"
      },
      "version": "5.2.0"
    }
  }
}