{
  "stats": {
    "suites": 1,
    "tests": 1,
    "passes": 1,
    "pending": 0,
    "failures": 0,
    "start": "2021-04-29T13:39:15.667Z",
    "end": "2021-04-29T13:39:21.266Z",
    "duration": 5599,
    "testsRegistered": 1,
    "passPercent": 100,
    "pendingPercent": 0,
    "other": 0,
    "hasOther": false,
    "skipped": 0,
    "hasSkipped": false
  },
  "results": [
    {
      "uuid": "2ef4474c-be95-4dbd-b91c-fb1b1df13b72",
      "title": "",
      "fullFile": "cypress/integration/aleksCases/login-spec.js",
      "file": "cypress/integration/aleksCases/login-spec.js",
      "beforeHooks": [],
      "afterHooks": [],
      "tests": [],
      "suites": [
        {
          "uuid": "58d12843-14fd-4c94-a3f4-51305932952d",
          "title": "Login user / Logout user",
          "fullFile": "",
          "file": "",
          "beforeHooks": [],
          "afterHooks": [],
          "tests": [
            {
              "title": "Login, Logout",
              "fullTitle": "Login user / Logout user Login, Logout",
              "timedOut": null,
              "duration": 5365,
              "state": "passed",
              "speed": "slow",
              "pass": true,
              "fail": false,
              "pending": false,
              "context": null,
              "code": "loginPage.checkLoginPageTitle(\"Login\");\nloginPage.performValideLogin(\"tester01\", \"GteteqbQQgSr88SwNExUQv2ydb7xuf8c\", \"Tester Hotel Overview\");\nhomeStartPage.logoutUser(\"Login\");",
              "err": {},
              "uuid": "6c00a201-b9ec-4637-88d1-e8354fa6780a",
              "parentUUID": "58d12843-14fd-4c94-a3f4-51305932952d",
              "isHook": false,
              "skipped": false
            }
          ],
          "suites": [],
          "passes": [
            "6c00a201-b9ec-4637-88d1-e8354fa6780a"
          ],
          "failures": [],
          "pending": [],
          "skipped": [],
          "duration": 5365,
          "root": false,
          "rootEmpty": false,
          "_timeout": 2000
        }
      ],
      "passes": [],
      "failures": [],
      "pending": [],
      "skipped": [],
      "duration": 0,
      "root": true,
      "rootEmpty": true,
      "_timeout": 2000
    }
  ],
  "meta": {
    "mocha": {
      "version": "7.0.1"
    },
    "mochawesome": {
      "options": {
        "quiet": false,
        "reportFilename": "mochawesome",
        "saveHtml": false,
        "saveJson": true,
        "consoleReporter": "spec",
        "useInlineDiffs": false,
        "code": true
      },
      "version": "6.2.2"
    },
    "marge": {
      "options": {
        "reportDir": "cypress/results",
        "overwrite": "false",
        "html": "false",
        "json": "true"
      },
      "version": "5.2.0"
    }
  }
}