{
  "stats": {
    "suites": 1,
    "tests": 4,
    "passes": 4,
    "pending": 0,
    "failures": 0,
    "start": "2021-04-29T07:59:23.031Z",
    "end": "2021-04-29T07:59:44.220Z",
    "duration": 21189,
    "testsRegistered": 4,
    "passPercent": 100,
    "pendingPercent": 0,
    "other": 0,
    "hasOther": false,
    "skipped": 0,
    "hasSkipped": false
  },
  "results": [
    {
      "uuid": "f2be693e-a55f-4b9d-9920-3cf6672e7b2f",
      "title": "",
      "fullFile": "cypress/integration/aleksCases/goToAllPages.js",
      "file": "cypress/integration/aleksCases/goToAllPages.js",
      "beforeHooks": [],
      "afterHooks": [],
      "tests": [],
      "suites": [
        {
          "uuid": "c2811116-5b32-4242-bcc5-e87c2be12c8f",
          "title": "Go to all pages",
          "fullFile": "",
          "file": "",
          "beforeHooks": [],
          "afterHooks": [],
          "tests": [
            {
              "title": "Go to Rooms",
              "fullTitle": "Go to all pages Go to Rooms",
              "timedOut": null,
              "duration": 6293,
              "state": "passed",
              "speed": "slow",
              "pass": true,
              "fail": false,
              "pending": false,
              "context": null,
              "code": "homeStartPage.viewRooms(\"Rooms\");",
              "err": {},
              "uuid": "50f30886-4ff1-4fbe-ac4a-a89ae583b7a3",
              "parentUUID": "c2811116-5b32-4242-bcc5-e87c2be12c8f",
              "isHook": false,
              "skipped": false
            },
            {
              "title": "Go to Clients",
              "fullTitle": "Go to all pages Go to Clients",
              "timedOut": null,
              "duration": 4611,
              "state": "passed",
              "speed": "slow",
              "pass": true,
              "fail": false,
              "pending": false,
              "context": null,
              "code": "homeStartPage.viewClients(\"Clients\");",
              "err": {},
              "uuid": "c7f95004-4fab-4b03-8c97-c222816b2937",
              "parentUUID": "c2811116-5b32-4242-bcc5-e87c2be12c8f",
              "isHook": false,
              "skipped": false
            },
            {
              "title": "Go to Bills",
              "fullTitle": "Go to all pages Go to Bills",
              "timedOut": null,
              "duration": 4385,
              "state": "passed",
              "speed": "slow",
              "pass": true,
              "fail": false,
              "pending": false,
              "context": null,
              "code": "homeStartPage.viewBills(\"Bills\");",
              "err": {},
              "uuid": "4b2115dd-0154-4cd3-896c-e7ec6e3376f4",
              "parentUUID": "c2811116-5b32-4242-bcc5-e87c2be12c8f",
              "isHook": false,
              "skipped": false
            },
            {
              "title": "Go to Resurvations",
              "fullTitle": "Go to all pages Go to Resurvations",
              "timedOut": null,
              "duration": 4406,
              "state": "passed",
              "speed": "slow",
              "pass": true,
              "fail": false,
              "pending": false,
              "context": null,
              "code": "homeStartPage.viewResurvations(\"Reservations\");",
              "err": {},
              "uuid": "f1af9b6c-1de4-491e-84ab-ff5077478d62",
              "parentUUID": "c2811116-5b32-4242-bcc5-e87c2be12c8f",
              "isHook": false,
              "skipped": false
            }
          ],
          "suites": [],
          "passes": [
            "50f30886-4ff1-4fbe-ac4a-a89ae583b7a3",
            "c7f95004-4fab-4b03-8c97-c222816b2937",
            "4b2115dd-0154-4cd3-896c-e7ec6e3376f4",
            "f1af9b6c-1de4-491e-84ab-ff5077478d62"
          ],
          "failures": [],
          "pending": [],
          "skipped": [],
          "duration": 19695,
          "root": false,
          "rootEmpty": false,
          "_timeout": 2000
        }
      ],
      "passes": [],
      "failures": [],
      "pending": [],
      "skipped": [],
      "duration": 0,
      "root": true,
      "rootEmpty": true,
      "_timeout": 2000
    }
  ],
  "meta": {
    "mocha": {
      "version": "7.0.1"
    },
    "mochawesome": {
      "options": {
        "quiet": false,
        "reportFilename": "mochawesome",
        "saveHtml": false,
        "saveJson": true,
        "consoleReporter": "spec",
        "useInlineDiffs": false,
        "code": true
      },
      "version": "6.2.2"
    },
    "marge": {
      "options": {
        "reportDir": "cypress/results",
        "overwrite": "false",
        "html": "false",
        "json": "true"
      },
      "version": "5.2.0"
    }
  }
}