{
  "stats": {
    "suites": 1,
    "tests": 5,
    "passes": 5,
    "pending": 0,
    "failures": 0,
    "start": "2021-04-30T09:21:46.274Z",
    "end": "2021-04-30T09:22:30.496Z",
    "duration": 44222,
    "testsRegistered": 5,
    "passPercent": 100,
    "pendingPercent": 0,
    "other": 0,
    "hasOther": false,
    "skipped": 0,
    "hasSkipped": false
  },
  "results": [
    {
      "uuid": "950e5531-0e5f-4539-8fa2-8def440aa52a",
      "title": "",
      "fullFile": "cypress/integration/assignment-2.spec.js",
      "file": "cypress/integration/assignment-2.spec.js",
      "beforeHooks": [],
      "afterHooks": [],
      "tests": [],
      "suites": [
        {
          "uuid": "d437d823-fa25-45e4-82c9-a229f6933c97",
          "title": "Home Button in the pages and creat a room",
          "fullFile": "",
          "file": "",
          "beforeHooks": [],
          "afterHooks": [],
          "tests": [
            {
              "title": "Go to Rooms",
              "fullTitle": "Home Button in the pages and creat a room Go to Rooms",
              "timedOut": null,
              "duration": 10988,
              "state": "passed",
              "speed": "slow",
              "pass": true,
              "fail": false,
              "pending": false,
              "context": null,
              "code": "cy.wait(500);\nhomeStartPage.viewRooms(\"Rooms\");\ncy.wait(500);\ncy.log(\"rooms\");\ncy.wait(500);\ncy.percySnapshot('Rooms-page');\ncy.wait(500);\nroomPage.roomCreatBtn(\"New Room\");\ncy.percySnapshot('Newroom-page');\ncreatRoom.goHomePageRoom(\"Tester Hotel Overview\");\ncy.percySnapshot('Home-page');\nhomeStartPage.viewRooms(\"Rooms\");\ncy.wait(500);\nroomPage.roomsMenuEdt(\"Room\");\ncy.percySnapshot('Editroom-page');\neditRoom.goHomePageRoom(\"Tester Hotel Overview\");",
              "err": {},
              "uuid": "1367b686-2e22-4bff-a33c-394a66b94794",
              "parentUUID": "d437d823-fa25-45e4-82c9-a229f6933c97",
              "isHook": false,
              "skipped": false
            },
            {
              "title": "Room Creat",
              "fullTitle": "Home Button in the pages and creat a room Room Creat",
              "timedOut": null,
              "duration": 9129,
              "state": "passed",
              "speed": "slow",
              "pass": true,
              "fail": false,
              "pending": false,
              "context": null,
              "code": "homeStartPage.viewRooms(\"Rooms\");\ncy.wait(500);\nroomPage.roomCreatBtn(\"New Room\");\ncy.percySnapshot('Newroom-page');\ncreatRoom.fillInFormRoom(randomCategory, randomNumber, randomFloor, randomPrice, [randomFeatcher]);\ncy.percySnapshot('NewroomInputs-page');\ncreatRoom.roomSave(\"Rooms\");\nroomPage.verifyLastRoom(randomCategory, randomNumber, randomFloor, randomPrice, [randomFeatcher]);\ncy.percySnapshot('NewroomInList-page');\ncreatRoom.goHomePageRoom(\"Tester Hotel Overview\");",
              "err": {},
              "uuid": "3b34b6a0-734b-4e8f-82ac-6c882c18ab26",
              "parentUUID": "d437d823-fa25-45e4-82c9-a229f6933c97",
              "isHook": false,
              "skipped": false
            },
            {
              "title": "Go to Clients",
              "fullTitle": "Home Button in the pages and creat a room Go to Clients",
              "timedOut": null,
              "duration": 6317,
              "state": "passed",
              "speed": "slow",
              "pass": true,
              "fail": false,
              "pending": false,
              "context": null,
              "code": "homeStartPage.viewClients(\"Clients\");\ncy.wait(500);\nclientPage.clientCreatBtn(\"New Client\");\ncy.percySnapshot('Newclient-page');\ncreatClient.goHomePageClient(\"Tester Hotel Overview\");\nhomeStartPage.viewClients(\"Clients\");\ncy.wait(500);\nclientPage.clientsMenuEdt(\"Client\");\ncy.percySnapshot('Editclient-page');\neditClient.goHomePageClient(\"Tester Hotel Overview\");",
              "err": {},
              "uuid": "f02db2a5-d9a5-4a14-9f4c-bee99389a247",
              "parentUUID": "d437d823-fa25-45e4-82c9-a229f6933c97",
              "isHook": false,
              "skipped": false
            },
            {
              "title": "Go to Bills",
              "fullTitle": "Home Button in the pages and creat a room Go to Bills",
              "timedOut": null,
              "duration": 6791,
              "state": "passed",
              "speed": "slow",
              "pass": true,
              "fail": false,
              "pending": false,
              "context": null,
              "code": "homeStartPage.viewBills(\"Bills\");\ncy.wait(500);\nbillPage.billCreatBtn(\"New Bill\");\ncy.percySnapshot('Creatbill-page');\ncreatBill.goHomePageBill(\"Tester Hotel Overview\");\nhomeStartPage.viewBills(\"Bills\");\ncy.wait(500);\nbillPage.billsMenuEdt(\"Bill\");\ncy.percySnapshot('Editbill-page');\neditBill.goHomePageBill(\"Tester Hotel Overview\");",
              "err": {},
              "uuid": "ffefd0c7-367a-43a4-9588-134d12955948",
              "parentUUID": "d437d823-fa25-45e4-82c9-a229f6933c97",
              "isHook": false,
              "skipped": false
            },
            {
              "title": "Go to Resurvations",
              "fullTitle": "Home Button in the pages and creat a room Go to Resurvations",
              "timedOut": null,
              "duration": 8313,
              "state": "passed",
              "speed": "slow",
              "pass": true,
              "fail": false,
              "pending": false,
              "context": null,
              "code": "homeStartPage.viewResurvations(\"Reservations\");\ncy.wait(500);\nreservPage.reservCreatBtn(\"New Reservation\");\ncy.percySnapshot('New-page');\ncy.wait(1000);\ncreatReserv.goHomePageReserv(\"Tester Hotel Overview\");\ncy.percySnapshot('Homereserv-page');\ncy.wait(1000); //homeStartPage.errorBTN(\"Tester Hotel Overview\")\nhomeStartPage.viewResurvations(\"Reservations\");\ncy.wait(500);\nreservPage.reservsMenuEdt(\"Reservation\");\ncy.percySnapshot('Editreserv-page');\neditReserv.goHomePageReserv(\"Tester Hotel Overview\");",
              "err": {},
              "uuid": "8e5fe520-2b3d-4597-bfde-3ba83f71e6e4",
              "parentUUID": "d437d823-fa25-45e4-82c9-a229f6933c97",
              "isHook": false,
              "skipped": false
            }
          ],
          "suites": [],
          "passes": [
            "1367b686-2e22-4bff-a33c-394a66b94794",
            "3b34b6a0-734b-4e8f-82ac-6c882c18ab26",
            "f02db2a5-d9a5-4a14-9f4c-bee99389a247",
            "ffefd0c7-367a-43a4-9588-134d12955948",
            "8e5fe520-2b3d-4597-bfde-3ba83f71e6e4"
          ],
          "failures": [],
          "pending": [],
          "skipped": [],
          "duration": 41538,
          "root": false,
          "rootEmpty": false,
          "_timeout": 2000
        }
      ],
      "passes": [],
      "failures": [],
      "pending": [],
      "skipped": [],
      "duration": 0,
      "root": true,
      "rootEmpty": true,
      "_timeout": 2000
    }
  ],
  "meta": {
    "mocha": {
      "version": "7.0.1"
    },
    "mochawesome": {
      "options": {
        "quiet": false,
        "reportFilename": "mochawesome",
        "saveHtml": false,
        "saveJson": true,
        "consoleReporter": "spec",
        "useInlineDiffs": false,
        "code": true
      },
      "version": "6.2.2"
    },
    "marge": {
      "options": {
        "reportDir": "cypress/results",
        "overwrite": "false",
        "html": "false",
        "json": "true"
      },
      "version": "5.2.0"
    }
  }
}