{
  "stats": {
    "suites": 1,
    "tests": 5,
    "passes": 4,
    "pending": 0,
    "failures": 1,
    "start": "2021-04-29T13:40:45.125Z",
    "end": "2021-04-29T13:41:29.606Z",
    "duration": 44481,
    "testsRegistered": 5,
    "passPercent": 80,
    "pendingPercent": 0,
    "other": 0,
    "hasOther": false,
    "skipped": 0,
    "hasSkipped": false
  },
  "results": [
    {
      "uuid": "e1b5a2df-ab9d-416d-8ed7-323e03c77b0c",
      "title": "",
      "fullFile": "cypress/integration/assignment-2.spec.js",
      "file": "cypress/integration/assignment-2.spec.js",
      "beforeHooks": [],
      "afterHooks": [],
      "tests": [],
      "suites": [
        {
          "uuid": "d0e775b8-fb79-4c57-b4bc-9d3a1165f439",
          "title": "Home Button in the pages and creat a room",
          "fullFile": "",
          "file": "",
          "beforeHooks": [],
          "afterHooks": [],
          "tests": [
            {
              "title": "Go to Rooms",
              "fullTitle": "Home Button in the pages and creat a room Go to Rooms",
              "timedOut": null,
              "duration": 8240,
              "state": "passed",
              "speed": "slow",
              "pass": true,
              "fail": false,
              "pending": false,
              "context": null,
              "code": "homeStartPage.viewRooms(\"Rooms\");\ncy.wait(500);\nroomPage.roomCreatBtn(\"New Room\"); //cy.percySnapshot('Newroom-page')\ncreatRoom.goHomePageRoom(\"Tester Hotel Overview\"); //cy.percySnapshot('Home-page')\nhomeStartPage.viewRooms(\"Rooms\");\ncy.wait(500);\nroomPage.roomsMenuEdt(\"Room\"); //cy.percySnapshot('Editroom-page')\neditRoom.goHomePageRoom(\"Tester Hotel Overview\"); //cy.percySnapshot('Home-page')",
              "err": {},
              "uuid": "7b711fa5-d62b-468a-a63d-b8cb33dadf32",
              "parentUUID": "d0e775b8-fb79-4c57-b4bc-9d3a1165f439",
              "isHook": false,
              "skipped": false
            },
            {
              "title": "Room Creat",
              "fullTitle": "Home Button in the pages and creat a room Room Creat",
              "timedOut": null,
              "duration": 8859,
              "state": "passed",
              "speed": "slow",
              "pass": true,
              "fail": false,
              "pending": false,
              "context": null,
              "code": "homeStartPage.viewRooms(\"Rooms\");\ncy.wait(500);\nroomPage.roomCreatBtn(\"New Room\"); //cy.percySnapshot('Newroom-page')\ncreatRoom.fillInFormRoom(randomCategory, randomNumber, randomFloor, randomPrice, [randomFeatcher]); //cy.percySnapshot('NewroomInputs-page')\ncreatRoom.roomSave(\"Rooms\");\nroomPage.verifyLastRoom(randomCategory, randomNumber, randomFloor, randomPrice, [randomFeatcher]);\ncreatRoom.goHomePageRoom(\"Tester Hotel Overview\"); //cy.percySnapshot('Home-page')",
              "err": {},
              "uuid": "abc378bd-0747-4f7a-a46d-dce5cd3a339b",
              "parentUUID": "d0e775b8-fb79-4c57-b4bc-9d3a1165f439",
              "isHook": false,
              "skipped": false
            },
            {
              "title": "Go to Clients",
              "fullTitle": "Home Button in the pages and creat a room Go to Clients",
              "timedOut": null,
              "duration": 6757,
              "state": "passed",
              "speed": "slow",
              "pass": true,
              "fail": false,
              "pending": false,
              "context": null,
              "code": "homeStartPage.viewClients(\"Clients\");\ncy.wait(500);\nclientPage.clientCreatBtn(\"New Client\"); //cy.percySnapshot('Newclient-page')\ncreatClient.goHomePageClient(\"Tester Hotel Overview\"); //cy.percySnapshot('Home-page')\nhomeStartPage.viewClients(\"Clients\");\ncy.wait(500);\nclientPage.clientsMenuEdt(\"Client\"); //cy.percySnapshot('Editclient-page')\neditClient.goHomePageClient(\"Tester Hotel Overview\"); //cy.percySnapshot('Home-page')",
              "err": {},
              "uuid": "22e3d5c1-ada7-42e1-8352-eba4e94e4760",
              "parentUUID": "d0e775b8-fb79-4c57-b4bc-9d3a1165f439",
              "isHook": false,
              "skipped": false
            },
            {
              "title": "Go to Bills",
              "fullTitle": "Home Button in the pages and creat a room Go to Bills",
              "timedOut": null,
              "duration": 7078,
              "state": "passed",
              "speed": "slow",
              "pass": true,
              "fail": false,
              "pending": false,
              "context": null,
              "code": "homeStartPage.viewBills(\"Bills\");\ncy.wait(500);\nbillPage.billCreatBtn(\"New Bill\"); //cy.percySnapshot('Creatbill-page')\ncreatBill.goHomePageBill(\"Tester Hotel Overview\"); //cy.percySnapshot('Home-page')\nhomeStartPage.viewBills(\"Bills\");\ncy.wait(500);\nbillPage.billsMenuEdt(\"Bill\"); //cy.percySnapshot('Editbill-page')\neditBill.goHomePageBill(\"Tester Hotel Overview\"); //cy.percySnapshot('Home-page')",
              "err": {},
              "uuid": "2d6342da-4ca1-47f4-9f47-adafe5277b19",
              "parentUUID": "d0e775b8-fb79-4c57-b4bc-9d3a1165f439",
              "isHook": false,
              "skipped": false
            },
            {
              "title": "Go to Resurvations",
              "fullTitle": "Home Button in the pages and creat a room Go to Resurvations",
              "timedOut": null,
              "duration": 11165,
              "state": "failed",
              "speed": null,
              "pass": false,
              "fail": true,
              "pending": false,
              "context": null,
              "code": "homeStartPage.viewResurvations(\"Reservations\");\ncy.wait(500);\nreservPage.reservCreatBtn(\"New Reservation\"); //cy.percySnapshot('New-page')\ncreatReserv.goHomePageReserv(\"Tester Hotel Overview\"); //cy.percySnapshot('Homereserv-page')\ncy.wait(1000);\nhomeStartPage.viewResurvations(\"Reservations\");\ncy.wait(500);\nreservPage.reservsMenuEdt(\"Reservation\"); //cy.percySnapshot('Editreserv-page')\neditReserv.goHomePageReserv(\"Tester Hotel Overview\"); //cy.percySnapshot('Home-page')",
              "err": {
                "message": "AssertionError: Timed out retrying after 4000ms: Expected to find element: `.blocks > :nth-child(4) > .btn`, but never found it.",
                "estack": "AssertionError: Timed out retrying after 4000ms: Expected to find element: `.blocks > :nth-child(4) > .btn`, but never found it.\n    at Object.viewResurvations (http://localhost:3000/__cypress/tests?p=cypress/integration/assignment-2.spec.js:766:6)\n    at Context.eval (http://localhost:3000/__cypress/tests?p=cypress/integration/assignment-2.spec.js:299:19)",
                "diff": null
              },
              "uuid": "57d85c71-f2d9-4e79-92ed-322dfc8e0811",
              "parentUUID": "d0e775b8-fb79-4c57-b4bc-9d3a1165f439",
              "isHook": false,
              "skipped": false
            }
          ],
          "suites": [],
          "passes": [
            "7b711fa5-d62b-468a-a63d-b8cb33dadf32",
            "abc378bd-0747-4f7a-a46d-dce5cd3a339b",
            "22e3d5c1-ada7-42e1-8352-eba4e94e4760",
            "2d6342da-4ca1-47f4-9f47-adafe5277b19"
          ],
          "failures": [
            "57d85c71-f2d9-4e79-92ed-322dfc8e0811"
          ],
          "pending": [],
          "skipped": [],
          "duration": 42099,
          "root": false,
          "rootEmpty": false,
          "_timeout": 2000
        }
      ],
      "passes": [],
      "failures": [],
      "pending": [],
      "skipped": [],
      "duration": 0,
      "root": true,
      "rootEmpty": true,
      "_timeout": 2000
    }
  ],
  "meta": {
    "mocha": {
      "version": "7.0.1"
    },
    "mochawesome": {
      "options": {
        "quiet": false,
        "reportFilename": "mochawesome",
        "saveHtml": false,
        "saveJson": true,
        "consoleReporter": "spec",
        "useInlineDiffs": false,
        "code": true
      },
      "version": "6.2.2"
    },
    "marge": {
      "options": {
        "reportDir": "cypress/results",
        "overwrite": "false",
        "html": "false",
        "json": "true"
      },
      "version": "5.2.0"
    }
  }
}