{
  "stats": {
    "suites": 1,
    "tests": 4,
    "passes": 4,
    "pending": 0,
    "failures": 0,
    "start": "2021-04-27T22:17:54.140Z",
    "end": "2021-04-27T22:18:08.224Z",
    "duration": 14084,
    "testsRegistered": 4,
    "passPercent": 100,
    "pendingPercent": 0,
    "other": 0,
    "hasOther": false,
    "skipped": 0,
    "hasSkipped": false
  },
  "results": [
    {
      "uuid": "d107bf56-4205-4b78-8371-1f8809c9dbb3",
      "title": "",
      "fullFile": "cypress/integration/aleksCases/goToAllPages.js",
      "file": "cypress/integration/aleksCases/goToAllPages.js",
      "beforeHooks": [],
      "afterHooks": [],
      "tests": [],
      "suites": [
        {
          "uuid": "eceafa35-126b-43a6-990c-0d2449e6b271",
          "title": "Go to all pages",
          "fullFile": "",
          "file": "",
          "beforeHooks": [],
          "afterHooks": [],
          "tests": [
            {
              "title": "Go to Rooms",
              "fullTitle": "Go to all pages Go to Rooms",
              "timedOut": null,
              "duration": 4111,
              "state": "passed",
              "speed": "slow",
              "pass": true,
              "fail": false,
              "pending": false,
              "context": null,
              "code": "homeStartPage.viewRooms(\"Rooms\");",
              "err": {},
              "uuid": "dfcf7634-8aae-4c59-a676-c67d3da03e0e",
              "parentUUID": "eceafa35-126b-43a6-990c-0d2449e6b271",
              "isHook": false,
              "skipped": false
            },
            {
              "title": "Go to Clients",
              "fullTitle": "Go to all pages Go to Clients",
              "timedOut": null,
              "duration": 2972,
              "state": "passed",
              "speed": "slow",
              "pass": true,
              "fail": false,
              "pending": false,
              "context": null,
              "code": "homeStartPage.viewClients(\"Clients\");",
              "err": {},
              "uuid": "dda547b6-de7a-41ae-8f9e-c8e9df8aff20",
              "parentUUID": "eceafa35-126b-43a6-990c-0d2449e6b271",
              "isHook": false,
              "skipped": false
            },
            {
              "title": "Go to Bills",
              "fullTitle": "Go to all pages Go to Bills",
              "timedOut": null,
              "duration": 2830,
              "state": "passed",
              "speed": "slow",
              "pass": true,
              "fail": false,
              "pending": false,
              "context": null,
              "code": "homeStartPage.viewBills(\"Bills\");",
              "err": {},
              "uuid": "85b80736-762f-4db7-96bb-708d0de7a6b7",
              "parentUUID": "eceafa35-126b-43a6-990c-0d2449e6b271",
              "isHook": false,
              "skipped": false
            },
            {
              "title": "Go to Resurvations",
              "fullTitle": "Go to all pages Go to Resurvations",
              "timedOut": null,
              "duration": 2816,
              "state": "passed",
              "speed": "slow",
              "pass": true,
              "fail": false,
              "pending": false,
              "context": null,
              "code": "homeStartPage.viewResurvations(\"Reservations\");",
              "err": {},
              "uuid": "26b95bbf-a533-464e-b80a-fa7308f872cb",
              "parentUUID": "eceafa35-126b-43a6-990c-0d2449e6b271",
              "isHook": false,
              "skipped": false
            }
          ],
          "suites": [],
          "passes": [
            "dfcf7634-8aae-4c59-a676-c67d3da03e0e",
            "dda547b6-de7a-41ae-8f9e-c8e9df8aff20",
            "85b80736-762f-4db7-96bb-708d0de7a6b7",
            "26b95bbf-a533-464e-b80a-fa7308f872cb"
          ],
          "failures": [],
          "pending": [],
          "skipped": [],
          "duration": 12729,
          "root": false,
          "rootEmpty": false,
          "_timeout": 2000
        }
      ],
      "passes": [],
      "failures": [],
      "pending": [],
      "skipped": [],
      "duration": 0,
      "root": true,
      "rootEmpty": true,
      "_timeout": 2000
    }
  ],
  "meta": {
    "mocha": {
      "version": "7.0.1"
    },
    "mochawesome": {
      "options": {
        "quiet": false,
        "reportFilename": "mochawesome",
        "saveHtml": false,
        "saveJson": true,
        "consoleReporter": "spec",
        "useInlineDiffs": false,
        "code": true
      },
      "version": "6.2.2"
    },
    "marge": {
      "options": {
        "reportDir": "cypress/results",
        "overwrite": "false",
        "html": "false",
        "json": "true"
      },
      "version": "5.2.0"
    }
  }
}