{
  "stats": {
    "suites": 1,
    "tests": 2,
    "passes": 2,
    "pending": 0,
    "failures": 0,
    "start": "2021-04-29T13:36:23.304Z",
    "end": "2021-04-29T13:36:42.154Z",
    "duration": 18850,
    "testsRegistered": 2,
    "passPercent": 100,
    "pendingPercent": 0,
    "other": 0,
    "hasOther": false,
    "skipped": 0,
    "hasSkipped": false
  },
  "results": [
    {
      "uuid": "47480327-7a33-4c24-864b-2fa5472f2f7c",
      "title": "",
      "fullFile": "cypress/integration/aleksCases/goToEditRoom.js",
      "file": "cypress/integration/aleksCases/goToEditRoom.js",
      "beforeHooks": [],
      "afterHooks": [],
      "tests": [],
      "suites": [
        {
          "uuid": "94a19208-ea6a-4108-b423-fae764b1f247",
          "title": "Go to Rooms Edit",
          "fullFile": "",
          "file": "",
          "beforeHooks": [],
          "afterHooks": [],
          "tests": [
            {
              "title": "Room Edit Save",
              "fullTitle": "Go to Rooms Edit Room Edit Save",
              "timedOut": null,
              "duration": 10297,
              "state": "passed",
              "speed": "slow",
              "pass": true,
              "fail": false,
              "pending": false,
              "context": null,
              "code": "homeStartPage.viewRooms(\"Rooms\");\nroomsPage.roomsMenuEdt(\"Room\");\nroomEditPage.fillInEdit(randomCategory, randomNumber, randomFloor, randomPrice, [\"balcony\"]);\nroomEditPage.editSave(\"Rooms\");\nroomsPage.verifyLastRoom(randomCategory, randomNumber, randomFloor, randomPrice, [\"balcony\"]);\nroomsPage.roomsBackBtn(\"Tester Hotel Overview\");",
              "err": {},
              "uuid": "d7e5bdb9-c59f-4d11-a7ad-65591a3ba999",
              "parentUUID": "94a19208-ea6a-4108-b423-fae764b1f247",
              "isHook": false,
              "skipped": false
            },
            {
              "title": "Room Edit Back",
              "fullTitle": "Go to Rooms Edit Room Edit Back",
              "timedOut": null,
              "duration": 7739,
              "state": "passed",
              "speed": "slow",
              "pass": true,
              "fail": false,
              "pending": false,
              "context": null,
              "code": "homeStartPage.viewRooms(\"Rooms\");\nroomsPage.roomsMenuEdt(\"Room\");\nroomEditPage.fillInEdit(randomCategory, randomNumber, randomFloor, randomPrice, [\"balcony\"]);\nroomEditPage.editBack(\"Rooms\");\nroomsPage.roomsBackBtn(\"Tester Hotel Overview\");",
              "err": {},
              "uuid": "4606d172-de6d-4aaa-9c23-9ddc9ad800f1",
              "parentUUID": "94a19208-ea6a-4108-b423-fae764b1f247",
              "isHook": false,
              "skipped": false
            }
          ],
          "suites": [],
          "passes": [
            "d7e5bdb9-c59f-4d11-a7ad-65591a3ba999",
            "4606d172-de6d-4aaa-9c23-9ddc9ad800f1"
          ],
          "failures": [],
          "pending": [],
          "skipped": [],
          "duration": 18036,
          "root": false,
          "rootEmpty": false,
          "_timeout": 2000
        }
      ],
      "passes": [],
      "failures": [],
      "pending": [],
      "skipped": [],
      "duration": 0,
      "root": true,
      "rootEmpty": true,
      "_timeout": 2000
    }
  ],
  "meta": {
    "mocha": {
      "version": "7.0.1"
    },
    "mochawesome": {
      "options": {
        "quiet": false,
        "reportFilename": "mochawesome",
        "saveHtml": false,
        "saveJson": true,
        "consoleReporter": "spec",
        "useInlineDiffs": false,
        "code": true
      },
      "version": "6.2.2"
    },
    "marge": {
      "options": {
        "reportDir": "cypress/results",
        "overwrite": "false",
        "html": "false",
        "json": "true"
      },
      "version": "5.2.0"
    }
  }
}