{
  "stats": {
    "suites": 1,
    "tests": 1,
    "passes": 1,
    "pending": 0,
    "failures": 0,
    "start": "2021-04-29T13:37:23.003Z",
    "end": "2021-04-29T13:37:32.047Z",
    "duration": 9044,
    "testsRegistered": 1,
    "passPercent": 100,
    "pendingPercent": 0,
    "other": 0,
    "hasOther": false,
    "skipped": 0,
    "hasSkipped": false
  },
  "results": [
    {
      "uuid": "c1e0bdd8-4dcf-439e-9835-43951b5ec9f0",
      "title": "",
      "fullFile": "cypress/integration/aleksCases/goToRoomsCreat.js",
      "file": "cypress/integration/aleksCases/goToRoomsCreat.js",
      "beforeHooks": [],
      "afterHooks": [],
      "tests": [],
      "suites": [
        {
          "uuid": "2caf9a88-bf53-4397-8208-074fc9a122b5",
          "title": "Go to rooms Creat",
          "fullFile": "",
          "file": "",
          "beforeHooks": [],
          "afterHooks": [],
          "tests": [
            {
              "title": "Rooms Creat Save",
              "fullTitle": "Go to rooms Creat Rooms Creat Save",
              "timedOut": null,
              "duration": 8858,
              "state": "passed",
              "speed": "slow",
              "pass": true,
              "fail": false,
              "pending": false,
              "context": null,
              "code": "homeStartPage.viewRooms(\"Rooms\");\nroomsPage.roomCreatBtn(\"Room\");\nroomCreatPage.fillInFormRoom(randomCategory, randomNumber, randomFloor, randomPrice, [randomFeatcher]); // 'balcony', 'ensuite', 'sea_view', 'penthouse'\nroomCreatPage.roomSave(\"Rooms\");\nroomsPage.verifyLastRoom(randomCategory, randomNumber, randomFloor, randomPrice, [randomFeatcher]); // 'balcony', 'ensuite', 'sea_view', 'penthouse'\nroomsPage.roomsBackBtn(\"Tester Hotel Overview\");",
              "err": {},
              "uuid": "74dc3054-b1b8-4a87-923e-2822dc590821",
              "parentUUID": "2caf9a88-bf53-4397-8208-074fc9a122b5",
              "isHook": false,
              "skipped": false
            }
          ],
          "suites": [],
          "passes": [
            "74dc3054-b1b8-4a87-923e-2822dc590821"
          ],
          "failures": [],
          "pending": [],
          "skipped": [],
          "duration": 8858,
          "root": false,
          "rootEmpty": false,
          "_timeout": 2000
        }
      ],
      "passes": [],
      "failures": [],
      "pending": [],
      "skipped": [],
      "duration": 0,
      "root": true,
      "rootEmpty": true,
      "_timeout": 2000
    }
  ],
  "meta": {
    "mocha": {
      "version": "7.0.1"
    },
    "mochawesome": {
      "options": {
        "quiet": false,
        "reportFilename": "mochawesome",
        "saveHtml": false,
        "saveJson": true,
        "consoleReporter": "spec",
        "useInlineDiffs": false,
        "code": true
      },
      "version": "6.2.2"
    },
    "marge": {
      "options": {
        "reportDir": "cypress/results",
        "overwrite": "false",
        "html": "false",
        "json": "true"
      },
      "version": "5.2.0"
    }
  }
}